<?xml version="1.0" encoding="UTF-8"?>
<testsuite xmlns:xsi="http://www.w3.org/2001/XMLSchema-instance" xsi:noNamespaceSchemaLocation="https://maven.apache.org/surefire/maven-surefire-plugin/xsd/surefire-test-report-3.0.xsd" version="3.0" name="test.java.command.FlowerTest" time="0.013" tests="4" errors="0" skipped="0" failures="1">
  <properties>
[...]
</properties>
  <testcase name="testConstructorAndGetters" classname="test.java.command.FlowerTest" time="0.0"/>
  <testcase name="testToStringContainsFields" classname="test.java.command.FlowerTest" time="0.0"/>
  <testcase name="testEqualsAndHashCode" classname="test.java.command.FlowerTest" time="0.005">
    <failure message="Flowers with same data should be equal ==&gt; expected: main.java.model.Flower@27216cd&lt;Flower{name=&apos;Rose&apos;, color=&apos;Red&apos;, stemLength=10.0, price=50.0, freshness=5, lifespan=7}&gt; but was: main.java.model.Flower@558bdf1f&lt;Flower{name=&apos;Rose&apos;, color=&apos;Red&apos;, stemLength=10.0, price=50.0, freshness=5, lifespan=7}&gt;" type="org.opentest4j.AssertionFailedError"><![CDATA[org.opentest4j.AssertionFailedError: Flowers with same data should be equal ==> expected: main.java.model.Flower@27216cd<Flower{name='Rose', color='Red', stemLength=10.0, price=50.0, freshness=5, lifespan=7}> but was: main.java.model.Flower@558bdf1f<Flower{name='Rose', color='Red', stemLength=10.0, price=50.0, freshness=5, lifespan=7}>
	at org.junit.jupiter.api.AssertionFailureBuilder.build(AssertionFailureBuilder.java:151)
	at org.junit.jupiter.api.AssertionFailureBuilder.buildAndThrow(AssertionFailureBuilder.java:132)
	at org.junit.jupiter.api.AssertEquals.failNotEqual(AssertEquals.java:197)
	at org.junit.jupiter.api.AssertEquals.assertEquals(AssertEquals.java:182)
	at org.junit.jupiter.api.Assertions.assertEquals(Assertions.java:1152)
	at test.java.command.FlowerTest.testEqualsAndHashCode(FlowerTest.java:48)
	at java.base/java.lang.reflect.Method.invoke(Method.java:565)
	at java.base/java.util.ArrayList.forEach(ArrayList.java:1604)
	at java.base/java.util.ArrayList.forEach(ArrayList.java:1604)
]]></failure>
  </testcase>
  <testcase name="testSetters" classname="test.java.command.FlowerTest" time="0.001"/>
</testsuite>