-------------------------------------------------------------------------------
Test set: test.java.command.FlowerTest
-------------------------------------------------------------------------------
Tests run: 4, Failures: 1, Errors: 0, Skipped: 0, Time elapsed: 0.013 s <<< FAILURE! -- in test.java.command.FlowerTest
test.java.command.FlowerTest.testEqualsAndHashCode -- Time elapsed: 0.005 s <<< FAILURE!
org.opentest4j.AssertionFailedError: Flowers with same data should be equal ==> expected: main.java.model.Flower@27216cd<Flower{name='Rose', color='Red', stemLength=10.0, price=50.0, freshness=5, lifespan=7}> but was: main.java.model.Flower@558bdf1f<Flower{name='Rose', color='Red', stemLength=10.0, price=50.0, freshness=5, lifespan=7}>
	at org.junit.jupiter.api.AssertionFailureBuilder.build(AssertionFailureBuilder.java:151)
	at org.junit.jupiter.api.AssertionFailureBuilder.buildAndThrow(AssertionFailureBuilder.java:132)
	at org.junit.jupiter.api.AssertEquals.failNotEqual(AssertEquals.java:197)
	at org.junit.jupiter.api.AssertEquals.assertEquals(AssertEquals.java:182)
	at org.junit.jupiter.api.Assertions.assertEquals(Assertions.java:1152)
	at test.java.command.FlowerTest.testEqualsAndHashCode(FlowerTest.java:48)
	at java.base/java.lang.reflect.Method.invoke(Method.java:565)
	at java.base/java.util.ArrayList.forEach(ArrayList.java:1604)
	at java.base/java.util.ArrayList.forEach(ArrayList.java:1604)

