<?xml version="1.0" encoding="UTF-8"?>
<testsuite xmlns:xsi="http://www.w3.org/2001/XMLSchema-instance" xsi:noNamespaceSchemaLocation="https://maven.apache.org/surefire/maven-surefire-plugin/xsd/surefire-test-report-3.0.xsd" version="3.0" name="test.java.command.RemoveFlowerCommandTest" time="0.012" tests="5" errors="0" skipped="0" failures="0">
  <properties>
[...]
</properties>
  <testcase name="testMultipleRemovalsSequence" classname="test.java.command.RemoveFlowerCommandTest" time="0.002"/>
  <testcase name="testRemoveValidIndex" classname="test.java.command.RemoveFlowerCommandTest" time="0.001"/>
  <testcase name="testRemoveWrongIndexTooLarge" classname="test.java.command.RemoveFlowerCommandTest" time="0.001"/>
  <testcase name="testRemoveFromEmptyBouquet" classname="test.java.command.RemoveFlowerCommandTest" time="0.001"/>
  <testcase name="testRemoveLastFlower" classname="test.java.command.RemoveFlowerCommandTest" time="0.001"/>
</testsuite>